[debug] [2023-02-16T18:51:57.055Z] ----------------------------------------------------------------------
[debug] [2023-02-16T18:51:57.058Z] Command:       /Users/justindao/.nvm/versions/node/v16.13.2/bin/node /Users/justindao/.nvm/versions/node/v16.13.2/bin/firebase init
[debug] [2023-02-16T18:51:57.058Z] CLI Version:   11.23.1
[debug] [2023-02-16T18:51:57.058Z] Platform:      darwin
[debug] [2023-02-16T18:51:57.059Z] Node Version:  v16.13.2
[debug] [2023-02-16T18:51:57.060Z] Time:          Thu Feb 16 2023 10:51:57 GMT-0800 (Pacific Standard Time)
[debug] [2023-02-16T18:51:57.060Z] ----------------------------------------------------------------------
[debug] 
[debug] [2023-02-16T18:51:57.131Z] > command requires scopes: ["email","openid","https://www.googleapis.com/auth/cloudplatformprojects.readonly","https://www.googleapis.com/auth/firebase","https://www.googleapis.com/auth/cloud-platform"]
[debug] [2023-02-16T18:51:57.132Z] > authorizing via signed-in user (justindao549@gmail.com)
[info] 
     ######## #### ########  ######## ########     ###     ######  ########
     ##        ##  ##     ## ##       ##     ##  ##   ##  ##       ##
     ######    ##  ########  ######   ########  #########  ######  ######
     ##        ##  ##    ##  ##       ##     ## ##     ##       ## ##
     ##       #### ##     ## ######## ########  ##     ##  ######  ########

You're about to initialize a Firebase project in this directory:

  /Users/justindao/Desktop/Portfolio Projects/nitrofit-react

Before we get started, keep in mind:

  * You are initializing within an existing Firebase project directory

[info] 
=== Project Setup
[info] 
[info] First, let's associate this project directory with a Firebase project.
[info] You can create multiple project aliases by running firebase use --add, 
[info] but for now we'll just set up a default project.
[info] 
[debug] [2023-02-16T18:52:00.018Z] Using project from CLI flag: nitrofit3-react
[debug] [2023-02-16T18:52:00.020Z] >>> [apiv2][query] GET https://firebase.googleapis.com/v1beta1/projects/nitrofit3-react [none]
[debug] [2023-02-16T18:52:00.454Z] <<< [apiv2][status] GET https://firebase.googleapis.com/v1beta1/projects/nitrofit3-react 200
[debug] [2023-02-16T18:52:00.454Z] <<< [apiv2][body] GET https://firebase.googleapis.com/v1beta1/projects/nitrofit3-react {"projectId":"nitrofit3-react","projectNumber":"496781476653","displayName":"nitrofit3-react","name":"projects/nitrofit3-react","resources":{"hostingSite":"nitrofit3-react"},"state":"ACTIVE","etag":"1_b37c1c41-c680-4416-a9d8-a183a17caba6"}
[info] i  Using project nitrofit3-react (nitrofit3-react) 
[info] 
=== Hosting Setup
[info] 
[info] Your public directory is the folder (relative to your project directory) that
[info] will contain Hosting assets to be uploaded with firebase deploy. If you
[info] have a build process for your assets, use your build's output directory.
[info] 
